{"level":"info","message":"Fetching tools","service":"ai-tools-navigator","timestamp":"2024-09-06T06:47:13.345Z"}
{"level":"info","message":"Tools fetched successfully","service":"ai-tools-navigator","timestamp":"2024-09-06T06:47:13.631Z"}
{"level":"info","message":"Fetching tools","service":"ai-tools-navigator","timestamp":"2024-09-06T06:47:13.647Z"}
{"level":"info","message":"Tools fetched successfully","service":"ai-tools-navigator","timestamp":"2024-09-06T06:47:13.658Z"}
{"level":"info","message":"Fetching tools","service":"ai-tools-navigator","timestamp":"2024-09-06T06:50:00.639Z"}
{"level":"info","message":"Tools fetched successfully","service":"ai-tools-navigator","timestamp":"2024-09-06T06:50:00.656Z"}
{"level":"info","message":"Fetching tools","service":"ai-tools-navigator","timestamp":"2024-09-06T06:50:00.686Z"}
{"level":"info","message":"Tools fetched successfully","service":"ai-tools-navigator","timestamp":"2024-09-06T06:50:00.695Z"}
{"level":"info","message":"Login attempt","service":"ai-tools-navigator","timestamp":"2024-09-06T06:50:06.821Z"}
{"level":"info","message":"Login successful","service":"ai-tools-navigator","timestamp":"2024-09-06T06:50:06.915Z","userId":"66d7d9b11c9b4b77644fdda2"}
{"level":"info","message":"Fetching tools","service":"ai-tools-navigator","timestamp":"2024-09-06T06:50:06.942Z"}
{"level":"info","message":"Tools fetched successfully","service":"ai-tools-navigator","timestamp":"2024-09-06T06:50:06.954Z"}
{"level":"info","message":"Fetching tools","service":"ai-tools-navigator","timestamp":"2024-09-06T06:50:06.965Z"}
{"level":"info","message":"Tools fetched successfully","service":"ai-tools-navigator","timestamp":"2024-09-06T06:50:06.976Z"}
{"level":"info","message":"Fetching tools","service":"ai-tools-navigator","timestamp":"2024-09-06T07:05:00.844Z"}
{"level":"info","message":"Tools fetched successfully","service":"ai-tools-navigator","timestamp":"2024-09-06T07:05:01.174Z"}
{"level":"info","message":"Fetching tools","service":"ai-tools-navigator","timestamp":"2024-09-06T07:05:01.199Z"}
{"level":"info","message":"Tools fetched successfully","service":"ai-tools-navigator","timestamp":"2024-09-06T07:05:01.211Z"}
{"level":"info","message":"Fetching tools","service":"ai-tools-navigator","timestamp":"2024-09-06T07:07:54.452Z"}
{"level":"info","message":"Tools fetched successfully","service":"ai-tools-navigator","timestamp":"2024-09-06T07:07:54.771Z"}
{"level":"info","message":"Fetching tools","service":"ai-tools-navigator","timestamp":"2024-09-06T07:07:54.789Z"}
{"level":"info","message":"Tools fetched successfully","service":"ai-tools-navigator","timestamp":"2024-09-06T07:07:54.800Z"}
{"level":"info","message":"Fetching tools","service":"ai-tools-navigator","timestamp":"2024-09-06T07:07:54.817Z"}
{"level":"info","message":"Tools fetched successfully","service":"ai-tools-navigator","timestamp":"2024-09-06T07:07:54.828Z"}
{"level":"info","message":"Fetching tools","service":"ai-tools-navigator","timestamp":"2024-09-06T07:07:54.844Z"}
{"level":"info","message":"Tools fetched successfully","service":"ai-tools-navigator","timestamp":"2024-09-06T07:07:54.853Z"}
{"level":"info","message":"Fetching tools","service":"ai-tools-navigator","timestamp":"2024-09-06T07:09:21.652Z"}
{"level":"info","message":"Tools fetched successfully","service":"ai-tools-navigator","timestamp":"2024-09-06T07:09:21.669Z"}
{"level":"info","message":"Fetching tools","service":"ai-tools-navigator","timestamp":"2024-09-06T07:09:21.683Z"}
{"level":"info","message":"Tools fetched successfully","service":"ai-tools-navigator","timestamp":"2024-09-06T07:09:21.693Z"}
{"level":"info","message":"Fetching tools","service":"ai-tools-navigator","timestamp":"2024-09-06T07:17:41.783Z"}
{"level":"info","message":"Tools fetched successfully","service":"ai-tools-navigator","timestamp":"2024-09-06T07:17:42.085Z"}
{"level":"info","message":"Fetching tools","service":"ai-tools-navigator","timestamp":"2024-09-06T07:17:42.105Z"}
{"level":"info","message":"Tools fetched successfully","service":"ai-tools-navigator","timestamp":"2024-09-06T07:17:42.115Z"}
{"level":"info","message":"Fetching tools","service":"ai-tools-navigator","timestamp":"2024-09-06T07:18:35.268Z"}
{"level":"info","message":"Tools fetched successfully","service":"ai-tools-navigator","timestamp":"2024-09-06T07:18:35.589Z"}
{"level":"info","message":"Fetching tools","service":"ai-tools-navigator","timestamp":"2024-09-06T07:18:35.612Z"}
{"level":"info","message":"Tools fetched successfully","service":"ai-tools-navigator","timestamp":"2024-09-06T07:18:35.623Z"}
{"level":"error","message":"API Error User_1.default.findById(...).select is not a function","service":"ai-tools-navigator","timestamp":"2024-09-06T08:16:42.301Z","url":"http://localhost/api/users/profile"}
{"level":"info","message":"Fetching tools","service":"ai-tools-navigator","timestamp":"2024-09-06T08:39:37.514Z"}
{"level":"info","message":"Tools fetched successfully","service":"ai-tools-navigator","timestamp":"2024-09-06T08:39:37.824Z"}
{"level":"info","message":"Fetching tools","service":"ai-tools-navigator","timestamp":"2024-09-06T08:39:37.844Z"}
{"level":"info","message":"Tools fetched successfully","service":"ai-tools-navigator","timestamp":"2024-09-06T08:39:37.855Z"}
{"level":"error","message":"API Error User_1.default.findByIdAndUpdate(...).select is not a function","service":"ai-tools-navigator","timestamp":"2024-09-06T08:42:59.410Z","url":"http://localhost/api/users/profile"}
{"level":"error","message":"API Error User_1.default.findByIdAndUpdate(...).select is not a function","service":"ai-tools-navigator","timestamp":"2024-09-06T08:42:59.418Z","url":"http://localhost/api/users/profile"}
{"level":"info","message":"Fetching tools","service":"ai-tools-navigator","timestamp":"2024-09-06T08:50:12.256Z"}
{"level":"info","message":"Tools fetched successfully","service":"ai-tools-navigator","timestamp":"2024-09-06T08:50:12.600Z"}
{"level":"info","message":"Fetching tools","service":"ai-tools-navigator","timestamp":"2024-09-06T08:50:12.619Z"}
{"level":"info","message":"Tools fetched successfully","service":"ai-tools-navigator","timestamp":"2024-09-06T08:50:12.631Z"}
{"level":"info","message":"Fetching tools","service":"ai-tools-navigator","timestamp":"2024-09-06T08:52:07.733Z"}
{"level":"info","message":"Tools fetched successfully","service":"ai-tools-navigator","timestamp":"2024-09-06T08:52:08.029Z"}
{"level":"info","message":"Fetching tools","service":"ai-tools-navigator","timestamp":"2024-09-06T08:52:08.053Z"}
{"level":"info","message":"Tools fetched successfully","service":"ai-tools-navigator","timestamp":"2024-09-06T08:52:08.065Z"}
{"level":"info","message":"Fetching tools","service":"ai-tools-navigator","timestamp":"2024-09-06T08:54:15.419Z"}
{"level":"info","message":"Tools fetched successfully","service":"ai-tools-navigator","timestamp":"2024-09-06T08:54:16.026Z"}
{"level":"info","message":"Fetching tools","service":"ai-tools-navigator","timestamp":"2024-09-06T08:54:16.048Z"}
{"level":"info","message":"Tools fetched successfully","service":"ai-tools-navigator","timestamp":"2024-09-06T08:54:16.059Z"}
{"level":"info","message":"Fetching tools","service":"ai-tools-navigator","timestamp":"2024-09-06T08:57:04.964Z"}
{"level":"info","message":"Tools fetched successfully","service":"ai-tools-navigator","timestamp":"2024-09-06T08:57:04.978Z"}
{"level":"info","message":"Fetching tools","service":"ai-tools-navigator","timestamp":"2024-09-06T08:57:04.994Z"}
{"level":"info","message":"Tools fetched successfully","service":"ai-tools-navigator","timestamp":"2024-09-06T08:57:05.003Z"}
{"level":"info","message":"Fetching tools","service":"ai-tools-navigator","timestamp":"2024-09-06T09:11:09.687Z"}
{"level":"info","message":"Tools fetched successfully","service":"ai-tools-navigator","timestamp":"2024-09-06T09:11:09.988Z"}
{"level":"info","message":"Fetching tools","service":"ai-tools-navigator","timestamp":"2024-09-06T09:11:10.013Z"}
{"level":"info","message":"Tools fetched successfully","service":"ai-tools-navigator","timestamp":"2024-09-06T09:11:10.023Z"}
{"level":"info","message":"Fetching tools","service":"ai-tools-navigator","timestamp":"2024-09-06T09:13:04.386Z"}
{"level":"info","message":"Tools fetched successfully","service":"ai-tools-navigator","timestamp":"2024-09-06T09:13:04.399Z"}
{"level":"info","message":"Fetching tools","service":"ai-tools-navigator","timestamp":"2024-09-06T09:13:04.415Z"}
{"level":"info","message":"Tools fetched successfully","service":"ai-tools-navigator","timestamp":"2024-09-06T09:13:04.424Z"}
{"level":"info","message":"Fetching tools","service":"ai-tools-navigator","timestamp":"2024-09-06T09:21:16.332Z"}
{"level":"info","message":"Tools fetched successfully","service":"ai-tools-navigator","timestamp":"2024-09-06T09:21:16.633Z"}
{"level":"info","message":"Fetching tools","service":"ai-tools-navigator","timestamp":"2024-09-06T09:21:16.655Z"}
{"level":"info","message":"Tools fetched successfully","service":"ai-tools-navigator","timestamp":"2024-09-06T09:21:16.664Z"}
